2025-09-13T16:34:20.687Z - error: Error occurred during reporter init: Error: Error when loading extension chrome-pdf@1.10.0
Error: Extension "chrome-pdf" is not compatible with "core" extension. Missing ".requires" information in "chrome-pdf" definition
    at validateMinimalVersion (/var/www/html/gesproducao_v2/node_modules/@jsreport/jsreport-core/lib/main/extensions/validateMinimalVersion.js:24:11)
    at Object._useOne (/var/www/html/gesproducao_v2/node_modules/@jsreport/jsreport-core/lib/main/extensions/extensionsManager.js:158:9)
    at Object._useMany (/var/www/html/gesproducao_v2/node_modules/@jsreport/jsreport-core/lib/main/extensions/extensionsManager.js:99:38)
    at async MainReporter.init (/var/www/html/gesproducao_v2/node_modules/@jsreport/jsreport-core/lib/main/reporter.js:207:7)
    at async ReportingService.initialize (/var/www/html/gesproducao_v2/src/services/reportingService.ts:54:5)
    at async startServer (/var/www/html/gesproducao_v2/src/server.ts:86:5)
    at Object._useOne (/var/www/html/gesproducao_v2/node_modules/@jsreport/jsreport-core/lib/main/extensions/extensionsManager.js:248:15)
    at Object._useMany (/var/www/html/gesproducao_v2/node_modules/@jsreport/jsreport-core/lib/main/extensions/extensionsManager.js:99:38)
    at async MainReporter.init (/var/www/html/gesproducao_v2/node_modules/@jsreport/jsreport-core/lib/main/reporter.js:207:7)
    at async ReportingService.initialize (/var/www/html/gesproducao_v2/src/services/reportingService.ts:54:5)
    at async startServer (/var/www/html/gesproducao_v2/src/server.ts:86:5)
2025-09-13T16:34:43.084Z - error: Error occurred during reporter init: Error: Error when loading extension chrome-pdf@1.10.0
Error: Extension "chrome-pdf" is not compatible with "core" extension. Missing ".requires" information in "chrome-pdf" definition
    at validateMinimalVersion (/var/www/html/gesproducao_v2/node_modules/@jsreport/jsreport-core/lib/main/extensions/validateMinimalVersion.js:24:11)
    at Object._useOne (/var/www/html/gesproducao_v2/node_modules/@jsreport/jsreport-core/lib/main/extensions/extensionsManager.js:158:9)
    at Object._useMany (/var/www/html/gesproducao_v2/node_modules/@jsreport/jsreport-core/lib/main/extensions/extensionsManager.js:99:38)
    at async MainReporter.init (/var/www/html/gesproducao_v2/node_modules/@jsreport/jsreport-core/lib/main/reporter.js:207:7)
    at async ReportingService.initialize (/var/www/html/gesproducao_v2/src/services/reportingService.ts:54:5)
    at async startServer (/var/www/html/gesproducao_v2/src/server.ts:86:5)
    at Object._useOne (/var/www/html/gesproducao_v2/node_modules/@jsreport/jsreport-core/lib/main/extensions/extensionsManager.js:248:15)
    at Object._useMany (/var/www/html/gesproducao_v2/node_modules/@jsreport/jsreport-core/lib/main/extensions/extensionsManager.js:99:38)
    at async MainReporter.init (/var/www/html/gesproducao_v2/node_modules/@jsreport/jsreport-core/lib/main/reporter.js:207:7)
    at async ReportingService.initialize (/var/www/html/gesproducao_v2/src/services/reportingService.ts:54:5)
    at async startServer (/var/www/html/gesproducao_v2/src/server.ts:86:5)
2025-09-13T16:34:51.340Z - error: Error occurred during reporter init: Error: Error when loading extension chrome-pdf@1.10.0
Error: Extension "chrome-pdf" is not compatible with "core" extension. Missing ".requires" information in "chrome-pdf" definition
    at validateMinimalVersion (/var/www/html/gesproducao_v2/node_modules/@jsreport/jsreport-core/lib/main/extensions/validateMinimalVersion.js:24:11)
    at Object._useOne (/var/www/html/gesproducao_v2/node_modules/@jsreport/jsreport-core/lib/main/extensions/extensionsManager.js:158:9)
    at Object._useMany (/var/www/html/gesproducao_v2/node_modules/@jsreport/jsreport-core/lib/main/extensions/extensionsManager.js:99:38)
    at async MainReporter.init (/var/www/html/gesproducao_v2/node_modules/@jsreport/jsreport-core/lib/main/reporter.js:207:7)
    at async ReportingService.initialize (/var/www/html/gesproducao_v2/src/services/reportingService.ts:54:5)
    at async startServer (/var/www/html/gesproducao_v2/src/server.ts:86:5)
    at Object._useOne (/var/www/html/gesproducao_v2/node_modules/@jsreport/jsreport-core/lib/main/extensions/extensionsManager.js:248:15)
    at Object._useMany (/var/www/html/gesproducao_v2/node_modules/@jsreport/jsreport-core/lib/main/extensions/extensionsManager.js:99:38)
    at async MainReporter.init (/var/www/html/gesproducao_v2/node_modules/@jsreport/jsreport-core/lib/main/reporter.js:207:7)
    at async ReportingService.initialize (/var/www/html/gesproducao_v2/src/services/reportingService.ts:54:5)
    at async startServer (/var/www/html/gesproducao_v2/src/server.ts:86:5)
2025-09-13T16:37:38.833Z - error: Error occurred during reporter init: Error: Error when loading extension chrome-pdf@1.10.0
Error: Extension "chrome-pdf" is not compatible with "core" extension. Missing ".requires" information in "chrome-pdf" definition
    at validateMinimalVersion (/var/www/html/gesproducao_v2/node_modules/@jsreport/jsreport-core/lib/main/extensions/validateMinimalVersion.js:24:11)
    at Object._useOne (/var/www/html/gesproducao_v2/node_modules/@jsreport/jsreport-core/lib/main/extensions/extensionsManager.js:158:9)
    at Object._useMany (/var/www/html/gesproducao_v2/node_modules/@jsreport/jsreport-core/lib/main/extensions/extensionsManager.js:99:38)
    at async MainReporter.init (/var/www/html/gesproducao_v2/node_modules/@jsreport/jsreport-core/lib/main/reporter.js:207:7)
    at async ReportingService.initialize (/var/www/html/gesproducao_v2/src/services/reportingService.ts:54:5)
    at async startServer (/var/www/html/gesproducao_v2/src/server.ts:86:5)
    at Object._useOne (/var/www/html/gesproducao_v2/node_modules/@jsreport/jsreport-core/lib/main/extensions/extensionsManager.js:248:15)
    at Object._useMany (/var/www/html/gesproducao_v2/node_modules/@jsreport/jsreport-core/lib/main/extensions/extensionsManager.js:99:38)
    at async MainReporter.init (/var/www/html/gesproducao_v2/node_modules/@jsreport/jsreport-core/lib/main/reporter.js:207:7)
    at async ReportingService.initialize (/var/www/html/gesproducao_v2/src/services/reportingService.ts:54:5)
    at async startServer (/var/www/html/gesproducao_v2/src/server.ts:86:5)
2025-09-13T16:37:49.126Z - error: Error occurred during reporter init: Error: Error when loading extension chrome-pdf@1.10.0
Error: Extension "chrome-pdf" is not compatible with "core" extension. Missing ".requires" information in "chrome-pdf" definition
    at validateMinimalVersion (/var/www/html/gesproducao_v2/node_modules/@jsreport/jsreport-core/lib/main/extensions/validateMinimalVersion.js:24:11)
    at Object._useOne (/var/www/html/gesproducao_v2/node_modules/@jsreport/jsreport-core/lib/main/extensions/extensionsManager.js:158:9)
    at Object._useMany (/var/www/html/gesproducao_v2/node_modules/@jsreport/jsreport-core/lib/main/extensions/extensionsManager.js:99:38)
    at async MainReporter.init (/var/www/html/gesproducao_v2/node_modules/@jsreport/jsreport-core/lib/main/reporter.js:207:7)
    at async ReportingService.initialize (/var/www/html/gesproducao_v2/src/services/reportingService.ts:54:5)
    at async startServer (/var/www/html/gesproducao_v2/src/server.ts:86:5)
    at Object._useOne (/var/www/html/gesproducao_v2/node_modules/@jsreport/jsreport-core/lib/main/extensions/extensionsManager.js:248:15)
    at Object._useMany (/var/www/html/gesproducao_v2/node_modules/@jsreport/jsreport-core/lib/main/extensions/extensionsManager.js:99:38)
    at async MainReporter.init (/var/www/html/gesproducao_v2/node_modules/@jsreport/jsreport-core/lib/main/reporter.js:207:7)
    at async ReportingService.initialize (/var/www/html/gesproducao_v2/src/services/reportingService.ts:54:5)
    at async startServer (/var/www/html/gesproducao_v2/src/server.ts:86:5)
2025-09-13T16:38:04.241Z - error: Error occurred during reporter init: Error: Error when loading extension chrome-pdf@1.10.0
Error: Extension "chrome-pdf" is not compatible with "core" extension. Missing ".requires" information in "chrome-pdf" definition
    at validateMinimalVersion (/var/www/html/gesproducao_v2/node_modules/@jsreport/jsreport-core/lib/main/extensions/validateMinimalVersion.js:24:11)
    at Object._useOne (/var/www/html/gesproducao_v2/node_modules/@jsreport/jsreport-core/lib/main/extensions/extensionsManager.js:158:9)
    at Object._useMany (/var/www/html/gesproducao_v2/node_modules/@jsreport/jsreport-core/lib/main/extensions/extensionsManager.js:99:38)
    at async MainReporter.init (/var/www/html/gesproducao_v2/node_modules/@jsreport/jsreport-core/lib/main/reporter.js:207:7)
    at async ReportingService.initialize (/var/www/html/gesproducao_v2/src/services/reportingService.ts:54:5)
    at async startServer (/var/www/html/gesproducao_v2/src/server.ts:86:5)
    at Object._useOne (/var/www/html/gesproducao_v2/node_modules/@jsreport/jsreport-core/lib/main/extensions/extensionsManager.js:248:15)
    at Object._useMany (/var/www/html/gesproducao_v2/node_modules/@jsreport/jsreport-core/lib/main/extensions/extensionsManager.js:99:38)
    at async MainReporter.init (/var/www/html/gesproducao_v2/node_modules/@jsreport/jsreport-core/lib/main/reporter.js:207:7)
    at async ReportingService.initialize (/var/www/html/gesproducao_v2/src/services/reportingService.ts:54:5)
    at async startServer (/var/www/html/gesproducao_v2/src/server.ts:86:5)
2025-09-13T16:38:12.257Z - error: Error occurred during reporter init: Error: Error when loading extension chrome-pdf@1.10.0
Error: Extension "chrome-pdf" is not compatible with "core" extension. Missing ".requires" information in "chrome-pdf" definition
    at validateMinimalVersion (/var/www/html/gesproducao_v2/node_modules/@jsreport/jsreport-core/lib/main/extensions/validateMinimalVersion.js:24:11)
    at Object._useOne (/var/www/html/gesproducao_v2/node_modules/@jsreport/jsreport-core/lib/main/extensions/extensionsManager.js:158:9)
    at Object._useMany (/var/www/html/gesproducao_v2/node_modules/@jsreport/jsreport-core/lib/main/extensions/extensionsManager.js:99:38)
    at async MainReporter.init (/var/www/html/gesproducao_v2/node_modules/@jsreport/jsreport-core/lib/main/reporter.js:207:7)
    at async ReportingService.initialize (/var/www/html/gesproducao_v2/src/services/reportingService.ts:54:5)
    at async startServer (/var/www/html/gesproducao_v2/src/server.ts:86:5)
    at Object._useOne (/var/www/html/gesproducao_v2/node_modules/@jsreport/jsreport-core/lib/main/extensions/extensionsManager.js:248:15)
    at Object._useMany (/var/www/html/gesproducao_v2/node_modules/@jsreport/jsreport-core/lib/main/extensions/extensionsManager.js:99:38)
    at async MainReporter.init (/var/www/html/gesproducao_v2/node_modules/@jsreport/jsreport-core/lib/main/reporter.js:207:7)
    at async ReportingService.initialize (/var/www/html/gesproducao_v2/src/services/reportingService.ts:54:5)
    at async startServer (/var/www/html/gesproducao_v2/src/server.ts:86:5)
2025-09-13T16:38:22.417Z - error: Error occurred during reporter init: Error: Error when loading extension chrome-pdf@1.10.0
Error: Extension "chrome-pdf" is not compatible with "core" extension. Missing ".requires" information in "chrome-pdf" definition
    at validateMinimalVersion (/var/www/html/gesproducao_v2/node_modules/@jsreport/jsreport-core/lib/main/extensions/validateMinimalVersion.js:24:11)
    at Object._useOne (/var/www/html/gesproducao_v2/node_modules/@jsreport/jsreport-core/lib/main/extensions/extensionsManager.js:158:9)
    at Object._useMany (/var/www/html/gesproducao_v2/node_modules/@jsreport/jsreport-core/lib/main/extensions/extensionsManager.js:99:38)
    at async MainReporter.init (/var/www/html/gesproducao_v2/node_modules/@jsreport/jsreport-core/lib/main/reporter.js:207:7)
    at async ReportingService.initialize (/var/www/html/gesproducao_v2/src/services/reportingService.ts:54:5)
    at async startServer (/var/www/html/gesproducao_v2/src/server.ts:86:5)
    at Object._useOne (/var/www/html/gesproducao_v2/node_modules/@jsreport/jsreport-core/lib/main/extensions/extensionsManager.js:248:15)
    at Object._useMany (/var/www/html/gesproducao_v2/node_modules/@jsreport/jsreport-core/lib/main/extensions/extensionsManager.js:99:38)
    at async MainReporter.init (/var/www/html/gesproducao_v2/node_modules/@jsreport/jsreport-core/lib/main/reporter.js:207:7)
    at async ReportingService.initialize (/var/www/html/gesproducao_v2/src/services/reportingService.ts:54:5)
    at async startServer (/var/www/html/gesproducao_v2/src/server.ts:86:5)
2025-09-13T16:38:32.867Z - error: Error occurred during reporter init: Error: Error when loading extension chrome-pdf@1.10.0
Error: Extension "chrome-pdf" is not compatible with "core" extension. Missing ".requires" information in "chrome-pdf" definition
    at validateMinimalVersion (/var/www/html/gesproducao_v2/node_modules/@jsreport/jsreport-core/lib/main/extensions/validateMinimalVersion.js:24:11)
    at Object._useOne (/var/www/html/gesproducao_v2/node_modules/@jsreport/jsreport-core/lib/main/extensions/extensionsManager.js:158:9)
    at Object._useMany (/var/www/html/gesproducao_v2/node_modules/@jsreport/jsreport-core/lib/main/extensions/extensionsManager.js:99:38)
    at async MainReporter.init (/var/www/html/gesproducao_v2/node_modules/@jsreport/jsreport-core/lib/main/reporter.js:207:7)
    at async ReportingService.initialize (/var/www/html/gesproducao_v2/src/services/reportingService.ts:54:5)
    at async startServer (/var/www/html/gesproducao_v2/src/server.ts:86:5)
    at Object._useOne (/var/www/html/gesproducao_v2/node_modules/@jsreport/jsreport-core/lib/main/extensions/extensionsManager.js:248:15)
    at Object._useMany (/var/www/html/gesproducao_v2/node_modules/@jsreport/jsreport-core/lib/main/extensions/extensionsManager.js:99:38)
    at async MainReporter.init (/var/www/html/gesproducao_v2/node_modules/@jsreport/jsreport-core/lib/main/reporter.js:207:7)
    at async ReportingService.initialize (/var/www/html/gesproducao_v2/src/services/reportingService.ts:54:5)
    at async startServer (/var/www/html/gesproducao_v2/src/server.ts:86:5)
2025-09-13T16:38:47.468Z - error: Error occurred during reporter init: Error: Error when loading extension chrome-pdf@1.10.0
Error: Extension "chrome-pdf" is not compatible with "core" extension. Missing ".requires" information in "chrome-pdf" definition
    at validateMinimalVersion (/var/www/html/gesproducao_v2/node_modules/@jsreport/jsreport-core/lib/main/extensions/validateMinimalVersion.js:24:11)
    at Object._useOne (/var/www/html/gesproducao_v2/node_modules/@jsreport/jsreport-core/lib/main/extensions/extensionsManager.js:158:9)
    at Object._useMany (/var/www/html/gesproducao_v2/node_modules/@jsreport/jsreport-core/lib/main/extensions/extensionsManager.js:99:38)
    at async MainReporter.init (/var/www/html/gesproducao_v2/node_modules/@jsreport/jsreport-core/lib/main/reporter.js:207:7)
    at async ReportingService.initialize (/var/www/html/gesproducao_v2/src/services/reportingService.ts:54:5)
    at async startServer (/var/www/html/gesproducao_v2/src/server.ts:86:5)
    at Object._useOne (/var/www/html/gesproducao_v2/node_modules/@jsreport/jsreport-core/lib/main/extensions/extensionsManager.js:248:15)
    at Object._useMany (/var/www/html/gesproducao_v2/node_modules/@jsreport/jsreport-core/lib/main/extensions/extensionsManager.js:99:38)
    at async MainReporter.init (/var/www/html/gesproducao_v2/node_modules/@jsreport/jsreport-core/lib/main/reporter.js:207:7)
    at async ReportingService.initialize (/var/www/html/gesproducao_v2/src/services/reportingService.ts:54:5)
    at async startServer (/var/www/html/gesproducao_v2/src/server.ts:86:5)
2025-09-13T16:39:12.794Z - error: Error occurred during reporter init: Error: Error when loading extension chrome-pdf@1.10.0
Error: Extension "chrome-pdf" is not compatible with "core" extension. Missing ".requires" information in "chrome-pdf" definition
    at validateMinimalVersion (/var/www/html/gesproducao_v2/node_modules/@jsreport/jsreport-core/lib/main/extensions/validateMinimalVersion.js:24:11)
    at Object._useOne (/var/www/html/gesproducao_v2/node_modules/@jsreport/jsreport-core/lib/main/extensions/extensionsManager.js:158:9)
    at Object._useMany (/var/www/html/gesproducao_v2/node_modules/@jsreport/jsreport-core/lib/main/extensions/extensionsManager.js:99:38)
    at async MainReporter.init (/var/www/html/gesproducao_v2/node_modules/@jsreport/jsreport-core/lib/main/reporter.js:207:7)
    at async ReportingService.initialize (/var/www/html/gesproducao_v2/src/services/reportingService.ts:49:5)
    at async startServer (/var/www/html/gesproducao_v2/src/server.ts:86:5)
    at Object._useOne (/var/www/html/gesproducao_v2/node_modules/@jsreport/jsreport-core/lib/main/extensions/extensionsManager.js:248:15)
    at Object._useMany (/var/www/html/gesproducao_v2/node_modules/@jsreport/jsreport-core/lib/main/extensions/extensionsManager.js:99:38)
    at async MainReporter.init (/var/www/html/gesproducao_v2/node_modules/@jsreport/jsreport-core/lib/main/reporter.js:207:7)
    at async ReportingService.initialize (/var/www/html/gesproducao_v2/src/services/reportingService.ts:49:5)
    at async startServer (/var/www/html/gesproducao_v2/src/server.ts:86:5)
2025-09-13T16:39:24.204Z - error: Error occurred during reporter init: Error: Error when loading extension studio@2.10.1
Error: Extension "studio" is not compatible with "core" extension. Missing ".requires" information in "studio" definition
    at validateMinimalVersion (/var/www/html/gesproducao_v2/node_modules/@jsreport/jsreport-core/lib/main/extensions/validateMinimalVersion.js:24:11)
    at Object._useOne (/var/www/html/gesproducao_v2/node_modules/@jsreport/jsreport-core/lib/main/extensions/extensionsManager.js:158:9)
    at Object._useMany (/var/www/html/gesproducao_v2/node_modules/@jsreport/jsreport-core/lib/main/extensions/extensionsManager.js:99:38)
    at async MainReporter.init (/var/www/html/gesproducao_v2/node_modules/@jsreport/jsreport-core/lib/main/reporter.js:207:7)
    at async ReportingService.initialize (/var/www/html/gesproducao_v2/src/services/reportingService.ts:49:5)
    at async startServer (/var/www/html/gesproducao_v2/src/server.ts:86:5)
    at Object._useOne (/var/www/html/gesproducao_v2/node_modules/@jsreport/jsreport-core/lib/main/extensions/extensionsManager.js:248:15)
    at Object._useMany (/var/www/html/gesproducao_v2/node_modules/@jsreport/jsreport-core/lib/main/extensions/extensionsManager.js:99:38)
    at async MainReporter.init (/var/www/html/gesproducao_v2/node_modules/@jsreport/jsreport-core/lib/main/reporter.js:207:7)
    at async ReportingService.initialize (/var/www/html/gesproducao_v2/src/services/reportingService.ts:49:5)
    at async startServer (/var/www/html/gesproducao_v2/src/server.ts:86:5)
2025-09-13T16:39:38.006Z - error: Error occurred during reporter init: Error: Error when loading extension studio@2.10.1
Error: Extension "studio" is not compatible with "core" extension. Missing ".requires" information in "studio" definition
    at validateMinimalVersion (/var/www/html/gesproducao_v2/node_modules/@jsreport/jsreport-core/lib/main/extensions/validateMinimalVersion.js:24:11)
    at Object._useOne (/var/www/html/gesproducao_v2/node_modules/@jsreport/jsreport-core/lib/main/extensions/extensionsManager.js:158:9)
    at Object._useMany (/var/www/html/gesproducao_v2/node_modules/@jsreport/jsreport-core/lib/main/extensions/extensionsManager.js:99:38)
    at async MainReporter.init (/var/www/html/gesproducao_v2/node_modules/@jsreport/jsreport-core/lib/main/reporter.js:207:7)
    at async ReportingService.initialize (/var/www/html/gesproducao_v2/src/services/reportingService.ts:49:5)
    at async startServer (/var/www/html/gesproducao_v2/src/server.ts:86:5)
    at Object._useOne (/var/www/html/gesproducao_v2/node_modules/@jsreport/jsreport-core/lib/main/extensions/extensionsManager.js:248:15)
    at Object._useMany (/var/www/html/gesproducao_v2/node_modules/@jsreport/jsreport-core/lib/main/extensions/extensionsManager.js:99:38)
    at async MainReporter.init (/var/www/html/gesproducao_v2/node_modules/@jsreport/jsreport-core/lib/main/reporter.js:207:7)
    at async ReportingService.initialize (/var/www/html/gesproducao_v2/src/services/reportingService.ts:49:5)
    at async startServer (/var/www/html/gesproducao_v2/src/server.ts:86:5)
2025-09-13T16:39:43.525Z - error: Error occurred during reporter init: Error: Error when loading extension studio@2.10.1
Error: Extension "studio" is not compatible with "core" extension. Missing ".requires" information in "studio" definition
    at validateMinimalVersion (/var/www/html/gesproducao_v2/node_modules/@jsreport/jsreport-core/lib/main/extensions/validateMinimalVersion.js:24:11)
    at Object._useOne (/var/www/html/gesproducao_v2/node_modules/@jsreport/jsreport-core/lib/main/extensions/extensionsManager.js:158:9)
    at Object._useMany (/var/www/html/gesproducao_v2/node_modules/@jsreport/jsreport-core/lib/main/extensions/extensionsManager.js:99:38)
    at async MainReporter.init (/var/www/html/gesproducao_v2/node_modules/@jsreport/jsreport-core/lib/main/reporter.js:207:7)
    at async ReportingService.initialize (/var/www/html/gesproducao_v2/src/services/reportingService.ts:49:5)
    at async startServer (/var/www/html/gesproducao_v2/src/server.ts:86:5)
    at Object._useOne (/var/www/html/gesproducao_v2/node_modules/@jsreport/jsreport-core/lib/main/extensions/extensionsManager.js:248:15)
    at Object._useMany (/var/www/html/gesproducao_v2/node_modules/@jsreport/jsreport-core/lib/main/extensions/extensionsManager.js:99:38)
    at async MainReporter.init (/var/www/html/gesproducao_v2/node_modules/@jsreport/jsreport-core/lib/main/reporter.js:207:7)
    at async ReportingService.initialize (/var/www/html/gesproducao_v2/src/services/reportingService.ts:49:5)
    at async startServer (/var/www/html/gesproducao_v2/src/server.ts:86:5)
